<?xml version="1.0" encoding="UTF-8"?>
<testsuite name="com.spring_boot.springboot.web.dto.HelloResponseDtoTest" tests="1" skipped="0" failures="0" errors="0" timestamp="2021-06-18T18:01:47" hostname="hong-yuseog-ui-MacBookPro.local" time="0.029">
  <properties/>
  <testcase name="롬복_기능_테스트" classname="com.spring_boot.springboot.web.dto.HelloResponseDtoTest" time="0.029"/>
  <system-out><![CDATA[]]></system-out>
  <system-err><![CDATA[]]></system-err>
</testsuite>
